<?xml version="1.0" encoding="UTF-8"?>
<coverage generated="1698592842891" clover="3.2.0">
  <project timestamp="1698592842892" name="All files">
    <metrics statements="145" coveredstatements="124" conditionals="26" coveredconditionals="22" methods="41" coveredmethods="30" elements="212" coveredelements="176" complexity="0" loc="145" ncloc="145" packages="1" files="5" classes="5"/>
    <file name="avatar.js" path="/Users/heatherjackson/projects/wdg/chutes_and_ladders/src/js/model/avatar.js">
      <metrics statements="31" coveredstatements="30" conditionals="6" coveredconditionals="6" methods="6" coveredmethods="5"/>
      <line num="6" count="2" type="stmt"/>
      <line num="7" count="2" type="stmt"/>
      <line num="8" count="2" type="stmt"/>
      <line num="9" count="2" type="stmt"/>
      <line num="10" count="2" type="stmt"/>
      <line num="11" count="2" type="stmt"/>
      <line num="12" count="2" type="stmt"/>
      <line num="13" count="2" type="stmt"/>
      <line num="14" count="2" type="stmt"/>
      <line num="15" count="2" type="stmt"/>
      <line num="16" count="2" type="stmt"/>
      <line num="20" count="3" type="stmt"/>
      <line num="21" count="3" type="stmt"/>
      <line num="22" count="3" type="stmt"/>
      <line num="31" count="3" type="stmt"/>
      <line num="32" count="3" type="stmt"/>
      <line num="36" count="2" type="stmt"/>
      <line num="40" count="12" type="stmt"/>
      <line num="44" count="0" type="stmt"/>
      <line num="48" count="14" type="stmt"/>
      <line num="52" count="11" type="stmt"/>
      <line num="54" count="11" type="cond" truecount="2" falsecount="0"/>
      <line num="55" count="8" type="stmt"/>
      <line num="56" count="23" type="cond" truecount="2" falsecount="0"/>
      <line num="57" count="1" type="stmt"/>
      <line num="60" count="22" type="stmt"/>
      <line num="65" count="3" type="stmt"/>
      <line num="66" count="16" type="cond" truecount="2" falsecount="0"/>
      <line num="67" count="2" type="stmt"/>
      <line num="69" count="14" type="stmt"/>
      <line num="74" count="8" type="stmt"/>
    </file>
    <file name="die.js" path="/Users/heatherjackson/projects/wdg/chutes_and_ladders/src/js/model/die.js">
      <metrics statements="10" coveredstatements="10" conditionals="2" coveredconditionals="2" methods="4" coveredmethods="4"/>
      <line num="4" count="3" type="stmt"/>
      <line num="10" count="5" type="stmt"/>
      <line num="12" count="5" type="cond" truecount="2" falsecount="0"/>
      <line num="17" count="100" type="stmt"/>
      <line num="22" count="160" type="stmt"/>
      <line num="27" count="3" type="stmt"/>
      <line num="28" count="3" type="stmt"/>
      <line num="29" count="60" type="stmt"/>
      <line num="32" count="3" type="stmt"/>
      <line num="33" count="3" type="stmt"/>
    </file>
    <file name="linked_list.js" path="/Users/heatherjackson/projects/wdg/chutes_and_ladders/src/js/model/linked_list.js">
      <metrics statements="62" coveredstatements="46" conditionals="10" coveredconditionals="6" methods="13" coveredmethods="7"/>
      <line num="10" count="3" type="stmt"/>
      <line num="11" count="3" type="stmt"/>
      <line num="12" count="3" type="stmt"/>
      <line num="16" count="0" type="stmt"/>
      <line num="20" count="0" type="stmt"/>
      <line num="24" count="26" type="stmt"/>
      <line num="28" count="0" type="stmt"/>
      <line num="32" count="0" type="cond" truecount="0" falsecount="2"/>
      <line num="38" count="7" type="stmt"/>
      <line num="40" count="7" type="stmt"/>
      <line num="41" count="7" type="stmt"/>
      <line num="42" count="7" type="stmt"/>
      <line num="43" count="7" type="stmt"/>
      <line num="50" count="1" type="cond" truecount="1" falsecount="1"/>
      <line num="51" count="1" type="stmt"/>
      <line num="54" count="1" type="stmt"/>
      <line num="56" count="1" type="stmt"/>
      <line num="57" count="18" type="stmt"/>
      <line num="59" count="18" type="stmt"/>
      <line num="60" count="18" type="stmt"/>
      <line num="61" count="18" type="stmt"/>
      <line num="62" count="18" type="stmt"/>
      <line num="63" count="18" type="stmt"/>
      <line num="66" count="1" type="stmt"/>
      <line num="73" count="1" type="stmt"/>
      <line num="77" count="1" type="cond" truecount="1" falsecount="1"/>
      <line num="78" count="0" type="stmt"/>
      <line num="79" count="0" type="stmt"/>
      <line num="82" count="1" type="stmt"/>
      <line num="84" count="1" type="stmt"/>
      <line num="85" count="18" type="stmt"/>
      <line num="88" count="1" type="stmt"/>
      <line num="89" count="1" type="stmt"/>
      <line num="90" count="1" type="stmt"/>
      <line num="92" count="1" type="stmt"/>
      <line num="99" count="2" type="stmt"/>
      <line num="101" count="2" type="cond" truecount="4" falsecount="0"/>
      <line num="102" count="1" type="stmt"/>
      <line num="105" count="1" type="stmt"/>
      <line num="106" count="0" type="stmt"/>
      <line num="108" count="1" type="stmt"/>
      <line num="114" count="0" type="stmt"/>
      <line num="115" count="0" type="stmt"/>
      <line num="117" count="0" type="stmt"/>
      <line num="118" count="0" type="stmt"/>
      <line num="119" count="0" type="stmt"/>
      <line num="121" count="0" type="stmt"/>
      <line num="127" count="0" type="stmt"/>
      <line num="128" count="0" type="stmt"/>
      <line num="129" count="0" type="stmt"/>
      <line num="133" count="1" type="stmt"/>
      <line num="134" count="2" type="stmt"/>
      <line num="135" count="2" type="stmt"/>
      <line num="136" count="6" type="stmt"/>
      <line num="138" count="2" type="stmt"/>
      <line num="141" count="1" type="stmt"/>
      <line num="142" count="1" type="stmt"/>
      <line num="143" count="1" type="stmt"/>
      <line num="144" count="1" type="stmt"/>
      <line num="145" count="1" type="stmt"/>
      <line num="146" count="1" type="stmt"/>
      <line num="148" count="1" type="stmt"/>
    </file>
    <file name="space.js" path="/Users/heatherjackson/projects/wdg/chutes_and_ladders/src/js/model/space.js">
      <metrics statements="36" coveredstatements="33" conditionals="8" coveredconditionals="8" methods="14" coveredmethods="11"/>
      <line num="19" count="2" type="stmt"/>
      <line num="20" count="2" type="stmt"/>
      <line num="21" count="2" type="stmt"/>
      <line num="22" count="2" type="stmt"/>
      <line num="23" count="2" type="stmt"/>
      <line num="26" count="2" type="stmt"/>
      <line num="29" count="33" type="stmt"/>
      <line num="30" count="33" type="stmt"/>
      <line num="31" count="33" type="stmt"/>
      <line num="32" count="33" type="stmt"/>
      <line num="33" count="33" type="stmt"/>
      <line num="34" count="33" type="stmt"/>
      <line num="37" count="33" type="stmt"/>
      <line num="38" count="33" type="stmt"/>
      <line num="45" count="2" type="stmt"/>
      <line num="53" count="11" type="stmt"/>
      <line num="61" count="40" type="stmt"/>
      <line num="69" count="77" type="stmt"/>
      <line num="78" count="34" type="stmt"/>
      <line num="82" count="14" type="stmt"/>
      <line num="86" count="32" type="stmt"/>
      <line num="94" count="0" type="stmt"/>
      <line num="103" count="2" type="stmt"/>
      <line num="113" count="0" type="stmt"/>
      <line num="120" count="14" type="stmt"/>
      <line num="135" count="14" type="cond" truecount="4" falsecount="0"/>
      <line num="136" count="2" type="stmt"/>
      <line num="137" count="2" type="stmt"/>
      <line num="140" count="14" type="cond" truecount="2" falsecount="0"/>
      <line num="141" count="2" type="stmt"/>
      <line num="142" count="2" type="stmt"/>
      <line num="145" count="12" type="cond" truecount="2" falsecount="0"/>
      <line num="146" count="2" type="stmt"/>
      <line num="150" count="10" type="stmt"/>
      <line num="151" count="10" type="stmt"/>
      <line num="162" count="0" type="stmt"/>
    </file>
    <file name="summed_roll.js" path="/Users/heatherjackson/projects/wdg/chutes_and_ladders/src/js/model/summed_roll.js">
      <metrics statements="6" coveredstatements="5" conditionals="0" coveredconditionals="0" methods="4" coveredmethods="3"/>
      <line num="7" count="3" type="stmt"/>
      <line num="8" count="3" type="stmt"/>
      <line num="11" count="3" type="stmt"/>
      <line num="12" count="57" type="stmt"/>
      <line num="17" count="0" type="stmt"/>
      <line num="21" count="3" type="stmt"/>
    </file>
  </project>
</coverage>
