{"/Users/heatherjackson/projects/wdg/chutes_and_ladders/src/js/model/avatar.js": {"path":"/Users/heatherjackson/projects/wdg/chutes_and_ladders/src/js/model/avatar.js","statementMap":{"0":{"start":{"line":6,"column":21},"end":{"line":6,"column":22}},"1":{"start":{"line":7,"column":15},"end":{"line":7,"column":16}},"2":{"start":{"line":8,"column":17},"end":{"line":8,"column":18}},"3":{"start":{"line":9,"column":17},"end":{"line":9,"column":18}},"4":{"start":{"line":10,"column":16},"end":{"line":10,"column":17}},"5":{"start":{"line":11,"column":17},"end":{"line":11,"column":18}},"6":{"start":{"line":12,"column":18},"end":{"line":12,"column":19}},"7":{"start":{"line":13,"column":17},"end":{"line":13,"column":18}},"8":{"start":{"line":14,"column":18},"end":{"line":14,"column":19}},"9":{"start":{"line":15,"column":18},"end":{"line":15,"column":19}},"10":{"start":{"line":16,"column":16},"end":{"line":16,"column":18}},"11":{"start":{"line":20,"column":12},"end":{"line":20,"column":17}},"12":{"start":{"line":21,"column":14},"end":{"line":21,"column":18}},"13":{"start":{"line":22,"column":10},"end":{"line":22,"column":12}},"14":{"start":{"line":23,"column":11},"end":{"line":23,"column":26}},"15":{"start":{"line":31,"column":4},"end":{"line":31,"column":22}},"16":{"start":{"line":32,"column":4},"end":{"line":32,"column":24}},"17":{"start":{"line":36,"column":4},"end":{"line":36,"column":22}},"18":{"start":{"line":40,"column":4},"end":{"line":40,"column":26}},"19":{"start":{"line":44,"column":4},"end":{"line":44,"column":23}},"20":{"start":{"line":48,"column":4},"end":{"line":48,"column":27}},"21":{"start":{"line":52,"column":4},"end":{"line":52,"column":24}},"22":{"start":{"line":56,"column":4},"end":{"line":56,"column":32}},"23":{"start":{"line":60,"column":19},"end":{"line":60,"column":33}},"24":{"start":{"line":65,"column":4},"end":{"line":84,"column":5}},"25":{"start":{"line":66,"column":6},"end":{"line":72,"column":7}},"26":{"start":{"line":66,"column":19},"end":{"line":66,"column":20}},"27":{"start":{"line":67,"column":8},"end":{"line":71,"column":9}},"28":{"start":{"line":68,"column":10},"end":{"line":68,"column":37}},"29":{"start":{"line":70,"column":10},"end":{"line":70,"column":35}},"30":{"start":{"line":77,"column":6},"end":{"line":83,"column":7}},"31":{"start":{"line":77,"column":19},"end":{"line":77,"column":20}},"32":{"start":{"line":78,"column":8},"end":{"line":82,"column":9}},"33":{"start":{"line":79,"column":10},"end":{"line":79,"column":37}},"34":{"start":{"line":81,"column":10},"end":{"line":81,"column":35}},"35":{"start":{"line":86,"column":4},"end":{"line":86,"column":31}},"36":{"start":{"line":90,"column":4},"end":{"line":90,"column":31}}},"fnMap":{"0":{"name":"(anonymous_0)","decl":{"start":{"line":30,"column":2},"end":{"line":30,"column":3}},"loc":{"start":{"line":30,"column":27},"end":{"line":33,"column":3}},"line":30},"1":{"name":"(anonymous_1)","decl":{"start":{"line":35,"column":2},"end":{"line":35,"column":3}},"loc":{"start":{"line":35,"column":13},"end":{"line":37,"column":3}},"line":35},"2":{"name":"(anonymous_2)","decl":{"start":{"line":39,"column":2},"end":{"line":39,"column":3}},"loc":{"start":{"line":39,"column":17},"end":{"line":41,"column":3}},"line":39},"3":{"name":"(anonymous_3)","decl":{"start":{"line":43,"column":2},"end":{"line":43,"column":3}},"loc":{"start":{"line":43,"column":14},"end":{"line":45,"column":3}},"line":43},"4":{"name":"(anonymous_4)","decl":{"start":{"line":47,"column":2},"end":{"line":47,"column":3}},"loc":{"start":{"line":47,"column":22},"end":{"line":49,"column":3}},"line":47},"5":{"name":"(anonymous_5)","decl":{"start":{"line":51,"column":2},"end":{"line":51,"column":3}},"loc":{"start":{"line":51,"column":15},"end":{"line":53,"column":3}},"line":51},"6":{"name":"(anonymous_6)","decl":{"start":{"line":55,"column":2},"end":{"line":55,"column":3}},"loc":{"start":{"line":55,"column":27},"end":{"line":57,"column":3}},"line":55},"7":{"name":"(anonymous_7)","decl":{"start":{"line":59,"column":2},"end":{"line":59,"column":3}},"loc":{"start":{"line":59,"column":23},"end":{"line":87,"column":3}},"line":59},"8":{"name":"(anonymous_8)","decl":{"start":{"line":89,"column":2},"end":{"line":89,"column":3}},"loc":{"start":{"line":89,"column":17},"end":{"line":91,"column":3}},"line":89}},"branchMap":{"0":{"loc":{"start":{"line":65,"column":4},"end":{"line":84,"column":5}},"type":"if","locations":[{"start":{"line":65,"column":4},"end":{"line":84,"column":5}},{"start":{"line":76,"column":11},"end":{"line":84,"column":5}}],"line":65},"1":{"loc":{"start":{"line":67,"column":8},"end":{"line":71,"column":9}},"type":"if","locations":[{"start":{"line":67,"column":8},"end":{"line":71,"column":9}},{"start":{"line":69,"column":15},"end":{"line":71,"column":9}}],"line":67},"2":{"loc":{"start":{"line":78,"column":8},"end":{"line":82,"column":9}},"type":"if","locations":[{"start":{"line":78,"column":8},"end":{"line":82,"column":9}},{"start":{"line":80,"column":15},"end":{"line":82,"column":9}}],"line":78}},"s":{"0":1,"1":1,"2":1,"3":1,"4":1,"5":1,"6":1,"7":1,"8":1,"9":1,"10":1,"11":2,"12":2,"13":2,"14":2,"15":2,"16":2,"17":2,"18":11,"19":0,"20":11,"21":13,"22":2,"23":9,"24":9,"25":7,"26":7,"27":15,"28":1,"29":14,"30":2,"31":2,"32":5,"33":1,"34":4,"35":7,"36":2},"f":{"0":2,"1":2,"2":11,"3":0,"4":11,"5":13,"6":2,"7":9,"8":2},"b":{"0":[7,2],"1":[1,14],"2":[1,4]},"_coverageSchema":"1a1c01bbd47fc00a2c39e90264f33305004495a9","hash":"f2cf7a606b96cecab50b3bd87be165e8e3928a19"}
,"/Users/heatherjackson/projects/wdg/chutes_and_ladders/src/js/model/board.js": {"path":"/Users/heatherjackson/projects/wdg/chutes_and_ladders/src/js/model/board.js","statementMap":{"0":{"start":{"line":6,"column":23},"end":{"line":6,"column":25}},"1":{"start":{"line":8,"column":4},"end":{"line":8,"column":33}},"2":{"start":{"line":9,"column":4},"end":{"line":9,"column":37}},"3":{"start":{"line":10,"column":4},"end":{"line":10,"column":35}},"4":{"start":{"line":11,"column":4},"end":{"line":11,"column":25}},"5":{"start":{"line":14,"column":20},"end":{"line":29,"column":3}},"6":{"start":{"line":15,"column":4},"end":{"line":27,"column":5}},"7":{"start":{"line":15,"column":17},"end":{"line":15,"column":18}},"8":{"start":{"line":16,"column":6},"end":{"line":26,"column":7}},"9":{"start":{"line":17,"column":8},"end":{"line":17,"column":74}},"10":{"start":{"line":18,"column":13},"end":{"line":26,"column":7}},"11":{"start":{"line":19,"column":8},"end":{"line":19,"column":59}},"12":{"start":{"line":20,"column":8},"end":{"line":20,"column":50}},"13":{"start":{"line":22,"column":20},"end":{"line":22,"column":64}},"14":{"start":{"line":22,"column":50},"end":{"line":22,"column":63}},"15":{"start":{"line":23,"column":8},"end":{"line":25,"column":79}},"16":{"start":{"line":28,"column":4},"end":{"line":28,"column":35}},"17":{"start":{"line":31,"column":18},"end":{"line":42,"column":3}},"18":{"start":{"line":32,"column":21},"end":{"line":32,"column":43}},"19":{"start":{"line":33,"column":4},"end":{"line":33,"column":31}},"20":{"start":{"line":34,"column":14},"end":{"line":34,"column":24}},"21":{"start":{"line":36,"column":4},"end":{"line":41,"column":5}},"22":{"start":{"line":36,"column":17},"end":{"line":36,"column":18}},"23":{"start":{"line":37,"column":22},"end":{"line":37,"column":35}},"24":{"start":{"line":38,"column":6},"end":{"line":38,"column":27}},"25":{"start":{"line":39,"column":6},"end":{"line":39,"column":27}},"26":{"start":{"line":40,"column":6},"end":{"line":40,"column":22}},"27":{"start":{"line":45,"column":4},"end":{"line":51,"column":5}},"28":{"start":{"line":46,"column":6},"end":{"line":46,"column":76}},"29":{"start":{"line":47,"column":6},"end":{"line":49,"column":7}},"30":{"start":{"line":48,"column":8},"end":{"line":48,"column":61}},"31":{"start":{"line":50,"column":6},"end":{"line":50,"column":35}},"32":{"start":{"line":55,"column":4},"end":{"line":55,"column":22}}},"fnMap":{"0":{"name":"(anonymous_0)","decl":{"start":{"line":7,"column":2},"end":{"line":7,"column":3}},"loc":{"start":{"line":7,"column":53},"end":{"line":12,"column":3}},"line":7},"1":{"name":"(anonymous_1)","decl":{"start":{"line":14,"column":20},"end":{"line":14,"column":21}},"loc":{"start":{"line":14,"column":26},"end":{"line":29,"column":3}},"line":14},"2":{"name":"(anonymous_2)","decl":{"start":{"line":22,"column":43},"end":{"line":22,"column":44}},"loc":{"start":{"line":22,"column":50},"end":{"line":22,"column":63}},"line":22},"3":{"name":"(anonymous_3)","decl":{"start":{"line":31,"column":18},"end":{"line":31,"column":19}},"loc":{"start":{"line":31,"column":24},"end":{"line":42,"column":3}},"line":31},"4":{"name":"(anonymous_4)","decl":{"start":{"line":44,"column":2},"end":{"line":44,"column":3}},"loc":{"start":{"line":44,"column":10},"end":{"line":52,"column":3}},"line":44},"5":{"name":"(anonymous_5)","decl":{"start":{"line":54,"column":2},"end":{"line":54,"column":3}},"loc":{"start":{"line":54,"column":10},"end":{"line":56,"column":3}},"line":54}},"branchMap":{"0":{"loc":{"start":{"line":16,"column":6},"end":{"line":26,"column":7}},"type":"if","locations":[{"start":{"line":16,"column":6},"end":{"line":26,"column":7}},{"start":{"line":18,"column":13},"end":{"line":26,"column":7}}],"line":16},"1":{"loc":{"start":{"line":18,"column":13},"end":{"line":26,"column":7}},"type":"if","locations":[{"start":{"line":18,"column":13},"end":{"line":26,"column":7}},{"start":{"line":21,"column":13},"end":{"line":26,"column":7}}],"line":18},"2":{"loc":{"start":{"line":23,"column":8},"end":{"line":25,"column":78}},"type":"cond-expr","locations":[{"start":{"line":24,"column":12},"end":{"line":24,"column":47}},{"start":{"line":25,"column":12},"end":{"line":25,"column":78}}],"line":23},"3":{"loc":{"start":{"line":47,"column":6},"end":{"line":49,"column":7}},"type":"if","locations":[{"start":{"line":47,"column":6},"end":{"line":49,"column":7}},{"start":{},"end":{}}],"line":47}},"s":{"0":1,"1":1,"2":1,"3":1,"4":1,"5":1,"6":1,"7":1,"8":100,"9":1,"10":99,"11":1,"12":1,"13":98,"14":0,"15":98,"16":1,"17":1,"18":1,"19":1,"20":1,"21":1,"22":1,"23":99,"24":99,"25":99,"26":99,"27":0,"28":0,"29":0,"30":0,"31":0,"32":0},"f":{"0":1,"1":1,"2":0,"3":1,"4":0,"5":0},"b":{"0":[1,99],"1":[1,98],"2":[0,98],"3":[0,0]},"_coverageSchema":"1a1c01bbd47fc00a2c39e90264f33305004495a9","hash":"c10a9fb33405e29d7b6c07c1fa25c99f4e07e009"}
,"/Users/heatherjackson/projects/wdg/chutes_and_ladders/src/js/model/die.js": {"path":"/Users/heatherjackson/projects/wdg/chutes_and_ladders/src/js/model/die.js","statementMap":{"0":{"start":{"line":3,"column":17},"end":{"line":3,"column":18}},"1":{"start":{"line":9,"column":4},"end":{"line":9,"column":24}},"2":{"start":{"line":11,"column":4},"end":{"line":12,"column":76}},"3":{"start":{"line":12,"column":6},"end":{"line":12,"column":76}},"4":{"start":{"line":17,"column":4},"end":{"line":17,"column":23}},"5":{"start":{"line":22,"column":4},"end":{"line":22,"column":55}},"6":{"start":{"line":27,"column":16},"end":{"line":27,"column":18}},"7":{"start":{"line":28,"column":4},"end":{"line":30,"column":5}},"8":{"start":{"line":28,"column":17},"end":{"line":28,"column":18}},"9":{"start":{"line":29,"column":6},"end":{"line":29,"column":30}},"10":{"start":{"line":32,"column":24},"end":{"line":32,"column":45}},"11":{"start":{"line":33,"column":4},"end":{"line":33,"column":27}}},"fnMap":{"0":{"name":"(anonymous_0)","decl":{"start":{"line":8,"column":2},"end":{"line":8,"column":3}},"loc":{"start":{"line":8,"column":21},"end":{"line":13,"column":3}},"line":8},"1":{"name":"(anonymous_1)","decl":{"start":{"line":16,"column":2},"end":{"line":16,"column":3}},"loc":{"start":{"line":16,"column":14},"end":{"line":18,"column":3}},"line":16},"2":{"name":"(anonymous_2)","decl":{"start":{"line":21,"column":2},"end":{"line":21,"column":3}},"loc":{"start":{"line":21,"column":9},"end":{"line":23,"column":3}},"line":21},"3":{"name":"(anonymous_3)","decl":{"start":{"line":26,"column":2},"end":{"line":26,"column":3}},"loc":{"start":{"line":26,"column":28},"end":{"line":34,"column":3}},"line":26}},"branchMap":{"0":{"loc":{"start":{"line":11,"column":4},"end":{"line":12,"column":76}},"type":"if","locations":[{"start":{"line":11,"column":4},"end":{"line":12,"column":76}},{"start":{},"end":{}}],"line":11}},"s":{"0":1,"1":5,"2":5,"3":1,"4":100,"5":160,"6":3,"7":3,"8":3,"9":60,"10":3,"11":3},"f":{"0":5,"1":100,"2":160,"3":3},"b":{"0":[1,4]},"_coverageSchema":"1a1c01bbd47fc00a2c39e90264f33305004495a9","hash":"49a3040b1758f825f3bbb40a7d87e51fc032a8e9"}
,"/Users/heatherjackson/projects/wdg/chutes_and_ladders/src/js/model/space.js": {"path":"/Users/heatherjackson/projects/wdg/chutes_and_ladders/src/js/model/space.js","statementMap":{"0":{"start":{"line":16,"column":17},"end":{"line":16,"column":18}},"1":{"start":{"line":17,"column":18},"end":{"line":17,"column":19}},"2":{"start":{"line":18,"column":17},"end":{"line":18,"column":18}},"3":{"start":{"line":19,"column":18},"end":{"line":19,"column":19}},"4":{"start":{"line":20,"column":18},"end":{"line":20,"column":19}},"5":{"start":{"line":23,"column":0},"end":{"line":23,"column":25}},"6":{"start":{"line":26,"column":11},"end":{"line":26,"column":13}},"7":{"start":{"line":27,"column":10},"end":{"line":27,"column":26}},"8":{"start":{"line":28,"column":10},"end":{"line":28,"column":14}},"9":{"start":{"line":29,"column":10},"end":{"line":29,"column":14}},"10":{"start":{"line":30,"column":13},"end":{"line":30,"column":17}},"11":{"start":{"line":31,"column":13},"end":{"line":31,"column":15}},"12":{"start":{"line":34,"column":4},"end":{"line":34,"column":24}},"13":{"start":{"line":35,"column":4},"end":{"line":35,"column":22}},"14":{"start":{"line":42,"column":4},"end":{"line":42,"column":24}},"15":{"start":{"line":50,"column":4},"end":{"line":50,"column":23}},"16":{"start":{"line":58,"column":4},"end":{"line":58,"column":22}},"17":{"start":{"line":66,"column":4},"end":{"line":66,"column":22}},"18":{"start":{"line":75,"column":4},"end":{"line":75,"column":23}},"19":{"start":{"line":79,"column":4},"end":{"line":79,"column":22}},"20":{"start":{"line":83,"column":4},"end":{"line":83,"column":23}},"21":{"start":{"line":91,"column":4},"end":{"line":91,"column":25}},"22":{"start":{"line":100,"column":4},"end":{"line":100,"column":26}},"23":{"start":{"line":109,"column":4},"end":{"line":109,"column":30}},"24":{"start":{"line":116,"column":4},"end":{"line":116,"column":51}},"25":{"start":{"line":130,"column":4},"end":{"line":132,"column":5}},"26":{"start":{"line":131,"column":6},"end":{"line":131,"column":13}},"27":{"start":{"line":134,"column":4},"end":{"line":137,"column":5}},"28":{"start":{"line":135,"column":6},"end":{"line":135,"column":31}},"29":{"start":{"line":136,"column":6},"end":{"line":136,"column":19}},"30":{"start":{"line":139,"column":4},"end":{"line":148,"column":5}},"31":{"start":{"line":140,"column":6},"end":{"line":140,"column":29}},"32":{"start":{"line":141,"column":6},"end":{"line":141,"column":73}},"33":{"start":{"line":142,"column":6},"end":{"line":142,"column":28}},"34":{"start":{"line":143,"column":11},"end":{"line":148,"column":5}},"35":{"start":{"line":144,"column":6},"end":{"line":144,"column":38}},"36":{"start":{"line":146,"column":6},"end":{"line":146,"column":29}},"37":{"start":{"line":147,"column":6},"end":{"line":147,"column":33}},"38":{"start":{"line":158,"column":4},"end":{"line":158,"column":17}}},"fnMap":{"0":{"name":"(anonymous_0)","decl":{"start":{"line":33,"column":2},"end":{"line":33,"column":3}},"loc":{"start":{"line":33,"column":27},"end":{"line":36,"column":3}},"line":33},"1":{"name":"(anonymous_1)","decl":{"start":{"line":41,"column":2},"end":{"line":41,"column":3}},"loc":{"start":{"line":41,"column":10},"end":{"line":43,"column":3}},"line":41},"2":{"name":"(anonymous_2)","decl":{"start":{"line":49,"column":2},"end":{"line":49,"column":3}},"loc":{"start":{"line":49,"column":14},"end":{"line":51,"column":3}},"line":49},"3":{"name":"(anonymous_3)","decl":{"start":{"line":57,"column":2},"end":{"line":57,"column":3}},"loc":{"start":{"line":57,"column":13},"end":{"line":59,"column":3}},"line":57},"4":{"name":"(anonymous_4)","decl":{"start":{"line":65,"column":2},"end":{"line":65,"column":3}},"loc":{"start":{"line":65,"column":13},"end":{"line":67,"column":3}},"line":65},"5":{"name":"(anonymous_5)","decl":{"start":{"line":74,"column":2},"end":{"line":74,"column":3}},"loc":{"start":{"line":74,"column":18},"end":{"line":76,"column":3}},"line":74},"6":{"name":"(anonymous_6)","decl":{"start":{"line":78,"column":2},"end":{"line":78,"column":3}},"loc":{"start":{"line":78,"column":13},"end":{"line":80,"column":3}},"line":78},"7":{"name":"(anonymous_7)","decl":{"start":{"line":82,"column":2},"end":{"line":82,"column":3}},"loc":{"start":{"line":82,"column":18},"end":{"line":84,"column":3}},"line":82},"8":{"name":"(anonymous_8)","decl":{"start":{"line":90,"column":2},"end":{"line":90,"column":3}},"loc":{"start":{"line":90,"column":16},"end":{"line":92,"column":3}},"line":90},"9":{"name":"(anonymous_9)","decl":{"start":{"line":99,"column":2},"end":{"line":99,"column":3}},"loc":{"start":{"line":99,"column":21},"end":{"line":101,"column":3}},"line":99},"10":{"name":"(anonymous_10)","decl":{"start":{"line":107,"column":2},"end":{"line":107,"column":3}},"loc":{"start":{"line":107,"column":16},"end":{"line":110,"column":3}},"line":107},"11":{"name":"(anonymous_11)","decl":{"start":{"line":115,"column":2},"end":{"line":115,"column":3}},"loc":{"start":{"line":115,"column":17},"end":{"line":117,"column":3}},"line":115},"12":{"name":"(anonymous_12)","decl":{"start":{"line":124,"column":2},"end":{"line":124,"column":3}},"loc":{"start":{"line":124,"column":15},"end":{"line":149,"column":3}},"line":124},"13":{"name":"(anonymous_13)","decl":{"start":{"line":156,"column":2},"end":{"line":156,"column":3}},"loc":{"start":{"line":156,"column":23},"end":{"line":159,"column":3}},"line":156}},"branchMap":{"0":{"loc":{"start":{"line":116,"column":11},"end":{"line":116,"column":50}},"type":"cond-expr","locations":[{"start":{"line":116,"column":38},"end":{"line":116,"column":42}},{"start":{"line":116,"column":45},"end":{"line":116,"column":50}}],"line":116},"1":{"loc":{"start":{"line":130,"column":4},"end":{"line":132,"column":5}},"type":"if","locations":[{"start":{"line":130,"column":4},"end":{"line":132,"column":5}},{"start":{},"end":{}}],"line":130},"2":{"loc":{"start":{"line":134,"column":4},"end":{"line":137,"column":5}},"type":"if","locations":[{"start":{"line":134,"column":4},"end":{"line":137,"column":5}},{"start":{},"end":{}}],"line":134},"3":{"loc":{"start":{"line":134,"column":8},"end":{"line":134,"column":55}},"type":"binary-expr","locations":[{"start":{"line":134,"column":8},"end":{"line":134,"column":21}},{"start":{"line":134,"column":25},"end":{"line":134,"column":55}}],"line":134},"4":{"loc":{"start":{"line":139,"column":4},"end":{"line":148,"column":5}},"type":"if","locations":[{"start":{"line":139,"column":4},"end":{"line":148,"column":5}},{"start":{"line":143,"column":11},"end":{"line":148,"column":5}}],"line":139},"5":{"loc":{"start":{"line":143,"column":11},"end":{"line":148,"column":5}},"type":"if","locations":[{"start":{"line":143,"column":11},"end":{"line":148,"column":5}},{"start":{"line":145,"column":11},"end":{"line":148,"column":5}}],"line":143}},"s":{"0":2,"1":2,"2":2,"3":2,"4":2,"5":2,"6":107,"7":107,"8":107,"9":107,"10":107,"11":107,"12":107,"13":107,"14":2,"15":11,"16":22,"17":116,"18":106,"19":6,"20":106,"21":0,"22":2,"23":0,"24":11,"25":11,"26":0,"27":11,"28":2,"29":2,"30":11,"31":2,"32":2,"33":2,"34":9,"35":2,"36":7,"37":7,"38":0},"f":{"0":107,"1":2,"2":11,"3":22,"4":116,"5":106,"6":6,"7":106,"8":0,"9":2,"10":0,"11":11,"12":11,"13":0},"b":{"0":[4,7],"1":[0,11],"2":[2,9],"3":[11,4],"4":[2,9],"5":[2,7]},"_coverageSchema":"1a1c01bbd47fc00a2c39e90264f33305004495a9","hash":"07be32af5bdbc86ca581ca6f5b0d65660c6fa96a"}
,"/Users/heatherjackson/projects/wdg/chutes_and_ladders/src/js/model/summed_roll.js": {"path":"/Users/heatherjackson/projects/wdg/chutes_and_ladders/src/js/model/summed_roll.js","statementMap":{"0":{"start":{"line":7,"column":9},"end":{"line":7,"column":11}},"1":{"start":{"line":8,"column":13},"end":{"line":8,"column":15}},"2":{"start":{"line":11,"column":4},"end":{"line":11,"column":31}},"3":{"start":{"line":12,"column":4},"end":{"line":12,"column":45}},"4":{"start":{"line":12,"column":39},"end":{"line":12,"column":43}},"5":{"start":{"line":17,"column":4},"end":{"line":17,"column":25}},"6":{"start":{"line":21,"column":4},"end":{"line":21,"column":21}}},"fnMap":{"0":{"name":"(anonymous_0)","decl":{"start":{"line":10,"column":2},"end":{"line":10,"column":3}},"loc":{"start":{"line":10,"column":21},"end":{"line":13,"column":3}},"line":10},"1":{"name":"(anonymous_1)","decl":{"start":{"line":12,"column":29},"end":{"line":12,"column":30}},"loc":{"start":{"line":12,"column":39},"end":{"line":12,"column":43}},"line":12},"2":{"name":"(anonymous_2)","decl":{"start":{"line":16,"column":2},"end":{"line":16,"column":3}},"loc":{"start":{"line":16,"column":16},"end":{"line":18,"column":3}},"line":16},"3":{"name":"(anonymous_3)","decl":{"start":{"line":20,"column":2},"end":{"line":20,"column":3}},"loc":{"start":{"line":20,"column":12},"end":{"line":22,"column":3}},"line":20}},"branchMap":{},"s":{"0":3,"1":3,"2":3,"3":3,"4":57,"5":0,"6":3},"f":{"0":3,"1":57,"2":0,"3":3},"b":{},"_coverageSchema":"1a1c01bbd47fc00a2c39e90264f33305004495a9","hash":"b9013e61b95b691526ecce164d9812f7315ebb78"}
}
