{"/Users/heatherjackson/projects/wdg/chutes_and_ladders/src/js/model/avatar.js": {"path":"/Users/heatherjackson/projects/wdg/chutes_and_ladders/src/js/model/avatar.js","statementMap":{"0":{"start":{"line":6,"column":23},"end":{"line":6,"column":24}},"1":{"start":{"line":7,"column":17},"end":{"line":7,"column":18}},"2":{"start":{"line":8,"column":19},"end":{"line":8,"column":20}},"3":{"start":{"line":9,"column":19},"end":{"line":9,"column":20}},"4":{"start":{"line":10,"column":18},"end":{"line":10,"column":19}},"5":{"start":{"line":11,"column":19},"end":{"line":11,"column":20}},"6":{"start":{"line":12,"column":20},"end":{"line":12,"column":21}},"7":{"start":{"line":13,"column":19},"end":{"line":13,"column":20}},"8":{"start":{"line":14,"column":20},"end":{"line":14,"column":21}},"9":{"start":{"line":15,"column":20},"end":{"line":15,"column":21}},"10":{"start":{"line":16,"column":18},"end":{"line":16,"column":20}},"11":{"start":{"line":20,"column":16},"end":{"line":20,"column":20}},"12":{"start":{"line":21,"column":12},"end":{"line":21,"column":14}},"13":{"start":{"line":22,"column":13},"end":{"line":22,"column":28}},"14":{"start":{"line":31,"column":8},"end":{"line":31,"column":26}},"15":{"start":{"line":32,"column":8},"end":{"line":32,"column":28}},"16":{"start":{"line":36,"column":8},"end":{"line":36,"column":25}},"17":{"start":{"line":40,"column":8},"end":{"line":40,"column":29}},"18":{"start":{"line":44,"column":8},"end":{"line":44,"column":27}},"19":{"start":{"line":48,"column":8},"end":{"line":48,"column":30}},"20":{"start":{"line":52,"column":23},"end":{"line":52,"column":37}},"21":{"start":{"line":54,"column":8},"end":{"line":72,"column":9}},"22":{"start":{"line":55,"column":12},"end":{"line":62,"column":13}},"23":{"start":{"line":55,"column":24},"end":{"line":55,"column":25}},"24":{"start":{"line":56,"column":16},"end":{"line":61,"column":17}},"25":{"start":{"line":57,"column":20},"end":{"line":57,"column":46}},"26":{"start":{"line":60,"column":20},"end":{"line":60,"column":44}},"27":{"start":{"line":65,"column":12},"end":{"line":71,"column":13}},"28":{"start":{"line":65,"column":24},"end":{"line":65,"column":25}},"29":{"start":{"line":66,"column":16},"end":{"line":70,"column":17}},"30":{"start":{"line":67,"column":20},"end":{"line":67,"column":46}},"31":{"start":{"line":69,"column":20},"end":{"line":69,"column":44}},"32":{"start":{"line":74,"column":8},"end":{"line":74,"column":34}}},"fnMap":{"0":{"name":"(anonymous_0)","decl":{"start":{"line":30,"column":4},"end":{"line":30,"column":5}},"loc":{"start":{"line":30,"column":29},"end":{"line":33,"column":5}},"line":30},"1":{"name":"(anonymous_1)","decl":{"start":{"line":35,"column":4},"end":{"line":35,"column":5}},"loc":{"start":{"line":35,"column":15},"end":{"line":37,"column":5}},"line":35},"2":{"name":"(anonymous_2)","decl":{"start":{"line":39,"column":4},"end":{"line":39,"column":5}},"loc":{"start":{"line":39,"column":19},"end":{"line":41,"column":5}},"line":39},"3":{"name":"(anonymous_3)","decl":{"start":{"line":43,"column":4},"end":{"line":43,"column":5}},"loc":{"start":{"line":43,"column":16},"end":{"line":45,"column":5}},"line":43},"4":{"name":"(anonymous_4)","decl":{"start":{"line":47,"column":4},"end":{"line":47,"column":5}},"loc":{"start":{"line":47,"column":24},"end":{"line":49,"column":5}},"line":47},"5":{"name":"(anonymous_5)","decl":{"start":{"line":51,"column":4},"end":{"line":51,"column":5}},"loc":{"start":{"line":51,"column":25},"end":{"line":77,"column":5}},"line":51}},"branchMap":{"0":{"loc":{"start":{"line":54,"column":8},"end":{"line":72,"column":9}},"type":"if","locations":[{"start":{"line":54,"column":8},"end":{"line":72,"column":9}},{"start":{"line":64,"column":13},"end":{"line":72,"column":9}}],"line":54},"1":{"loc":{"start":{"line":56,"column":16},"end":{"line":61,"column":17}},"type":"if","locations":[{"start":{"line":56,"column":16},"end":{"line":61,"column":17}},{"start":{"line":59,"column":21},"end":{"line":61,"column":17}}],"line":56},"2":{"loc":{"start":{"line":66,"column":16},"end":{"line":70,"column":17}},"type":"if","locations":[{"start":{"line":66,"column":16},"end":{"line":70,"column":17}},{"start":{"line":68,"column":21},"end":{"line":70,"column":17}}],"line":66}},"s":{"0":2,"1":2,"2":2,"3":2,"4":2,"5":2,"6":2,"7":2,"8":2,"9":2,"10":2,"11":2,"12":2,"13":2,"14":2,"15":2,"16":2,"17":11,"18":0,"19":11,"20":9,"21":9,"22":7,"23":7,"24":13,"25":1,"26":12,"27":2,"28":2,"29":5,"30":1,"31":4,"32":7},"f":{"0":2,"1":2,"2":11,"3":0,"4":11,"5":9},"b":{"0":[7,2],"1":[1,12],"2":[1,4]},"_coverageSchema":"1a1c01bbd47fc00a2c39e90264f33305004495a9","hash":"8b229f6da45b8da0e5bd73db8ec62edfdd70f99c"}
,"/Users/heatherjackson/projects/wdg/chutes_and_ladders/src/js/model/die.js": {"path":"/Users/heatherjackson/projects/wdg/chutes_and_ladders/src/js/model/die.js","statementMap":{"0":{"start":{"line":4,"column":17},"end":{"line":4,"column":18}},"1":{"start":{"line":10,"column":4},"end":{"line":10,"column":23}},"2":{"start":{"line":12,"column":4},"end":{"line":12,"column":83}},"3":{"start":{"line":12,"column":24},"end":{"line":12,"column":83}},"4":{"start":{"line":17,"column":4},"end":{"line":17,"column":23}},"5":{"start":{"line":22,"column":4},"end":{"line":22,"column":55}},"6":{"start":{"line":27,"column":16},"end":{"line":27,"column":18}},"7":{"start":{"line":28,"column":4},"end":{"line":30,"column":5}},"8":{"start":{"line":28,"column":17},"end":{"line":28,"column":18}},"9":{"start":{"line":29,"column":8},"end":{"line":29,"column":32}},"10":{"start":{"line":32,"column":24},"end":{"line":32,"column":45}},"11":{"start":{"line":33,"column":4},"end":{"line":33,"column":27}}},"fnMap":{"0":{"name":"(anonymous_0)","decl":{"start":{"line":9,"column":2},"end":{"line":9,"column":3}},"loc":{"start":{"line":9,"column":21},"end":{"line":13,"column":3}},"line":9},"1":{"name":"(anonymous_1)","decl":{"start":{"line":16,"column":2},"end":{"line":16,"column":3}},"loc":{"start":{"line":16,"column":14},"end":{"line":18,"column":3}},"line":16},"2":{"name":"(anonymous_2)","decl":{"start":{"line":21,"column":2},"end":{"line":21,"column":3}},"loc":{"start":{"line":21,"column":9},"end":{"line":23,"column":3}},"line":21},"3":{"name":"(anonymous_3)","decl":{"start":{"line":26,"column":2},"end":{"line":26,"column":3}},"loc":{"start":{"line":26,"column":28},"end":{"line":34,"column":3}},"line":26}},"branchMap":{"0":{"loc":{"start":{"line":12,"column":4},"end":{"line":12,"column":83}},"type":"if","locations":[{"start":{"line":12,"column":4},"end":{"line":12,"column":83}},{"start":{},"end":{}}],"line":12}},"s":{"0":3,"1":5,"2":5,"3":1,"4":100,"5":160,"6":3,"7":3,"8":3,"9":60,"10":3,"11":3},"f":{"0":5,"1":100,"2":160,"3":3},"b":{"0":[1,4]},"_coverageSchema":"1a1c01bbd47fc00a2c39e90264f33305004495a9","hash":"86cce1ccf4dc717bf300c2d43a60b42933747c42"}
,"/Users/heatherjackson/projects/wdg/chutes_and_ladders/src/js/model/linked_list.js": {"path":"/Users/heatherjackson/projects/wdg/chutes_and_ladders/src/js/model/linked_list.js","statementMap":{"0":{"start":{"line":5,"column":4},"end":{"line":5,"column":20}},"1":{"start":{"line":6,"column":4},"end":{"line":6,"column":17}},"2":{"start":{"line":11,"column":4},"end":{"line":11,"column":49}},"3":{"start":{"line":12,"column":4},"end":{"line":12,"column":15}},"4":{"start":{"line":17,"column":16},"end":{"line":17,"column":26}},"5":{"start":{"line":18,"column":18},"end":{"line":18,"column":27}},"6":{"start":{"line":20,"column":4},"end":{"line":25,"column":5}},"7":{"start":{"line":20,"column":16},"end":{"line":20,"column":17}},"8":{"start":{"line":21,"column":6},"end":{"line":21,"column":43}},"9":{"start":{"line":22,"column":6},"end":{"line":22,"column":28}},"10":{"start":{"line":23,"column":6},"end":{"line":23,"column":13}},"11":{"start":{"line":24,"column":6},"end":{"line":24,"column":17}},"12":{"start":{"line":31,"column":16},"end":{"line":31,"column":44}},"13":{"start":{"line":36,"column":4},"end":{"line":48,"column":5}},"14":{"start":{"line":37,"column":6},"end":{"line":37,"column":23}},"15":{"start":{"line":40,"column":6},"end":{"line":40,"column":25}},"16":{"start":{"line":42,"column":6},"end":{"line":44,"column":7}},"17":{"start":{"line":43,"column":8},"end":{"line":43,"column":30}},"18":{"start":{"line":46,"column":6},"end":{"line":46,"column":26}},"19":{"start":{"line":47,"column":6},"end":{"line":47,"column":17}},"20":{"start":{"line":54,"column":4},"end":{"line":54,"column":52}},"21":{"start":{"line":54,"column":41},"end":{"line":54,"column":52}},"22":{"start":{"line":56,"column":18},"end":{"line":56,"column":27}},"23":{"start":{"line":57,"column":4},"end":{"line":59,"column":5}},"24":{"start":{"line":57,"column":17},"end":{"line":57,"column":18}},"25":{"start":{"line":58,"column":6},"end":{"line":58,"column":28}},"26":{"start":{"line":60,"column":4},"end":{"line":60,"column":18}},"27":{"start":{"line":66,"column":17},"end":{"line":66,"column":19}},"28":{"start":{"line":67,"column":18},"end":{"line":67,"column":27}},"29":{"start":{"line":69,"column":4},"end":{"line":72,"column":5}},"30":{"start":{"line":70,"column":6},"end":{"line":70,"column":45}},"31":{"start":{"line":71,"column":6},"end":{"line":71,"column":28}},"32":{"start":{"line":73,"column":4},"end":{"line":73,"column":32}},"33":{"start":{"line":77,"column":0},"end":{"line":83,"column":1}},"34":{"start":{"line":78,"column":13},"end":{"line":78,"column":29}},"35":{"start":{"line":79,"column":2},"end":{"line":81,"column":3}},"36":{"start":{"line":79,"column":15},"end":{"line":79,"column":32}},"37":{"start":{"line":80,"column":4},"end":{"line":80,"column":29}},"38":{"start":{"line":82,"column":2},"end":{"line":82,"column":11}},"39":{"start":{"line":85,"column":11},"end":{"line":85,"column":27}},"40":{"start":{"line":87,"column":0},"end":{"line":87,"column":34}},"41":{"start":{"line":89,"column":0},"end":{"line":89,"column":39}},"42":{"start":{"line":91,"column":0},"end":{"line":91,"column":31}},"43":{"start":{"line":95,"column":0},"end":{"line":95,"column":35}},"44":{"start":{"line":97,"column":0},"end":{"line":97,"column":20}}},"fnMap":{"0":{"name":"(anonymous_0)","decl":{"start":{"line":4,"column":2},"end":{"line":4,"column":3}},"loc":{"start":{"line":4,"column":17},"end":{"line":7,"column":3}},"line":4},"1":{"name":"(anonymous_1)","decl":{"start":{"line":10,"column":2},"end":{"line":10,"column":3}},"loc":{"start":{"line":10,"column":27},"end":{"line":13,"column":3}},"line":10},"2":{"name":"(anonymous_2)","decl":{"start":{"line":16,"column":2},"end":{"line":16,"column":3}},"loc":{"start":{"line":16,"column":45},"end":{"line":26,"column":3}},"line":16},"3":{"name":"(anonymous_3)","decl":{"start":{"line":30,"column":2},"end":{"line":30,"column":3}},"loc":{"start":{"line":30,"column":19},"end":{"line":49,"column":3}},"line":30},"4":{"name":"(anonymous_4)","decl":{"start":{"line":53,"column":2},"end":{"line":53,"column":3}},"loc":{"start":{"line":53,"column":20},"end":{"line":61,"column":3}},"line":53},"5":{"name":"(anonymous_5)","decl":{"start":{"line":65,"column":2},"end":{"line":65,"column":3}},"loc":{"start":{"line":65,"column":20},"end":{"line":74,"column":3}},"line":65},"6":{"name":"(anonymous_6)","decl":{"start":{"line":77,"column":24},"end":{"line":77,"column":25}},"loc":{"start":{"line":77,"column":43},"end":{"line":83,"column":1}},"line":77}},"branchMap":{"0":{"loc":{"start":{"line":36,"column":4},"end":{"line":48,"column":5}},"type":"if","locations":[{"start":{"line":36,"column":4},"end":{"line":48,"column":5}},{"start":{"line":39,"column":11},"end":{"line":48,"column":5}}],"line":36},"1":{"loc":{"start":{"line":54,"column":4},"end":{"line":54,"column":52}},"type":"if","locations":[{"start":{"line":54,"column":4},"end":{"line":54,"column":52}},{"start":{},"end":{}}],"line":54},"2":{"loc":{"start":{"line":54,"column":8},"end":{"line":54,"column":39}},"type":"binary-expr","locations":[{"start":{"line":54,"column":8},"end":{"line":54,"column":17}},{"start":{"line":54,"column":21},"end":{"line":54,"column":39}}],"line":54}},"s":{"0":5,"1":5,"2":11,"3":11,"4":1,"5":1,"6":1,"7":1,"8":10,"9":10,"10":10,"11":10,"12":1,"13":1,"14":0,"15":1,"16":1,"17":10,"18":1,"19":1,"20":4,"21":1,"22":3,"23":3,"24":3,"25":13,"26":3,"27":1,"28":1,"29":1,"30":12,"31":12,"32":1,"33":1,"34":3,"35":3,"36":3,"37":8,"38":3,"39":1,"40":1,"41":1,"42":1,"43":1,"44":1},"f":{"0":5,"1":11,"2":1,"3":1,"4":4,"5":1,"6":3},"b":{"0":[0,1],"1":[1,3],"2":[4,4]},"_coverageSchema":"1a1c01bbd47fc00a2c39e90264f33305004495a9","hash":"4d3cf9f47faea01668f141f7d0f9356409d38d0f"}
,"/Users/heatherjackson/projects/wdg/chutes_and_ladders/src/js/model/space.js": {"path":"/Users/heatherjackson/projects/wdg/chutes_and_ladders/src/js/model/space.js","statementMap":{"0":{"start":{"line":19,"column":17},"end":{"line":19,"column":18}},"1":{"start":{"line":20,"column":18},"end":{"line":20,"column":19}},"2":{"start":{"line":21,"column":17},"end":{"line":21,"column":18}},"3":{"start":{"line":22,"column":18},"end":{"line":22,"column":19}},"4":{"start":{"line":23,"column":18},"end":{"line":23,"column":19}},"5":{"start":{"line":26,"column":0},"end":{"line":26,"column":24}},"6":{"start":{"line":29,"column":11},"end":{"line":29,"column":13}},"7":{"start":{"line":30,"column":10},"end":{"line":30,"column":26}},"8":{"start":{"line":31,"column":10},"end":{"line":31,"column":14}},"9":{"start":{"line":32,"column":10},"end":{"line":32,"column":14}},"10":{"start":{"line":33,"column":13},"end":{"line":33,"column":17}},"11":{"start":{"line":34,"column":13},"end":{"line":34,"column":15}},"12":{"start":{"line":37,"column":4},"end":{"line":37,"column":23}},"13":{"start":{"line":38,"column":4},"end":{"line":38,"column":21}},"14":{"start":{"line":39,"column":4},"end":{"line":39,"column":21}},"15":{"start":{"line":46,"column":4},"end":{"line":46,"column":23}},"16":{"start":{"line":54,"column":4},"end":{"line":54,"column":22}},"17":{"start":{"line":62,"column":4},"end":{"line":62,"column":21}},"18":{"start":{"line":70,"column":4},"end":{"line":70,"column":21}},"19":{"start":{"line":79,"column":4},"end":{"line":79,"column":29}},"20":{"start":{"line":83,"column":4},"end":{"line":83,"column":21}},"21":{"start":{"line":87,"column":4},"end":{"line":87,"column":29}},"22":{"start":{"line":95,"column":4},"end":{"line":95,"column":24}},"23":{"start":{"line":104,"column":4},"end":{"line":104,"column":32}},"24":{"start":{"line":114,"column":4},"end":{"line":114,"column":29}},"25":{"start":{"line":121,"column":4},"end":{"line":121,"column":35}},"26":{"start":{"line":136,"column":4},"end":{"line":139,"column":5}},"27":{"start":{"line":137,"column":6},"end":{"line":137,"column":30}},"28":{"start":{"line":138,"column":6},"end":{"line":138,"column":18}},"29":{"start":{"line":141,"column":4},"end":{"line":153,"column":5}},"30":{"start":{"line":142,"column":6},"end":{"line":142,"column":72}},"31":{"start":{"line":143,"column":6},"end":{"line":143,"column":28}},"32":{"start":{"line":146,"column":9},"end":{"line":153,"column":5}},"33":{"start":{"line":147,"column":6},"end":{"line":147,"column":37}},"34":{"start":{"line":151,"column":6},"end":{"line":151,"column":28}},"35":{"start":{"line":152,"column":6},"end":{"line":152,"column":32}},"36":{"start":{"line":163,"column":4},"end":{"line":163,"column":16}}},"fnMap":{"0":{"name":"(anonymous_0)","decl":{"start":{"line":36,"column":2},"end":{"line":36,"column":3}},"loc":{"start":{"line":36,"column":40},"end":{"line":40,"column":3}},"line":36},"1":{"name":"(anonymous_1)","decl":{"start":{"line":45,"column":2},"end":{"line":45,"column":3}},"loc":{"start":{"line":45,"column":10},"end":{"line":47,"column":3}},"line":45},"2":{"name":"(anonymous_2)","decl":{"start":{"line":53,"column":2},"end":{"line":53,"column":3}},"loc":{"start":{"line":53,"column":14},"end":{"line":55,"column":3}},"line":53},"3":{"name":"(anonymous_3)","decl":{"start":{"line":61,"column":2},"end":{"line":61,"column":3}},"loc":{"start":{"line":61,"column":13},"end":{"line":63,"column":3}},"line":61},"4":{"name":"(anonymous_4)","decl":{"start":{"line":69,"column":2},"end":{"line":69,"column":3}},"loc":{"start":{"line":69,"column":13},"end":{"line":71,"column":3}},"line":69},"5":{"name":"(anonymous_5)","decl":{"start":{"line":78,"column":2},"end":{"line":78,"column":3}},"loc":{"start":{"line":78,"column":18},"end":{"line":80,"column":3}},"line":78},"6":{"name":"(anonymous_6)","decl":{"start":{"line":82,"column":2},"end":{"line":82,"column":3}},"loc":{"start":{"line":82,"column":13},"end":{"line":84,"column":3}},"line":82},"7":{"name":"(anonymous_7)","decl":{"start":{"line":86,"column":2},"end":{"line":86,"column":3}},"loc":{"start":{"line":86,"column":18},"end":{"line":88,"column":3}},"line":86},"8":{"name":"(anonymous_8)","decl":{"start":{"line":94,"column":2},"end":{"line":94,"column":3}},"loc":{"start":{"line":94,"column":16},"end":{"line":96,"column":3}},"line":94},"9":{"name":"(anonymous_9)","decl":{"start":{"line":103,"column":2},"end":{"line":103,"column":3}},"loc":{"start":{"line":103,"column":21},"end":{"line":105,"column":3}},"line":103},"10":{"name":"(anonymous_10)","decl":{"start":{"line":112,"column":2},"end":{"line":112,"column":3}},"loc":{"start":{"line":112,"column":16},"end":{"line":115,"column":3}},"line":112},"11":{"name":"(anonymous_11)","decl":{"start":{"line":120,"column":2},"end":{"line":120,"column":3}},"loc":{"start":{"line":120,"column":17},"end":{"line":122,"column":3}},"line":120},"12":{"name":"(anonymous_12)","decl":{"start":{"line":129,"column":2},"end":{"line":129,"column":3}},"loc":{"start":{"line":129,"column":15},"end":{"line":154,"column":1}},"line":129},"13":{"name":"(anonymous_13)","decl":{"start":{"line":161,"column":2},"end":{"line":161,"column":3}},"loc":{"start":{"line":161,"column":23},"end":{"line":164,"column":3}},"line":161}},"branchMap":{"0":{"loc":{"start":{"line":36,"column":27},"end":{"line":36,"column":38}},"type":"default-arg","locations":[{"start":{"line":36,"column":34},"end":{"line":36,"column":38}}],"line":36},"1":{"loc":{"start":{"line":136,"column":4},"end":{"line":139,"column":5}},"type":"if","locations":[{"start":{"line":136,"column":4},"end":{"line":139,"column":5}},{"start":{},"end":{}}],"line":136},"2":{"loc":{"start":{"line":136,"column":7},"end":{"line":136,"column":54}},"type":"binary-expr","locations":[{"start":{"line":136,"column":7},"end":{"line":136,"column":20}},{"start":{"line":136,"column":24},"end":{"line":136,"column":54}}],"line":136},"3":{"loc":{"start":{"line":141,"column":4},"end":{"line":153,"column":5}},"type":"if","locations":[{"start":{"line":141,"column":4},"end":{"line":153,"column":5}},{"start":{"line":146,"column":9},"end":{"line":153,"column":5}}],"line":141},"4":{"loc":{"start":{"line":146,"column":9},"end":{"line":153,"column":5}},"type":"if","locations":[{"start":{"line":146,"column":9},"end":{"line":153,"column":5}},{"start":{"line":150,"column":8},"end":{"line":153,"column":5}}],"line":146}},"s":{"0":2,"1":2,"2":2,"3":2,"4":2,"5":2,"6":29,"7":29,"8":29,"9":29,"10":29,"11":29,"12":29,"13":29,"14":29,"15":2,"16":28,"17":19,"18":69,"19":18,"20":4,"21":7,"22":0,"23":2,"24":0,"25":11,"26":11,"27":2,"28":2,"29":11,"30":2,"31":2,"32":9,"33":2,"34":7,"35":7,"36":0},"f":{"0":29,"1":2,"2":28,"3":19,"4":69,"5":18,"6":4,"7":7,"8":0,"9":2,"10":0,"11":11,"12":11,"13":0},"b":{"0":[18],"1":[2,9],"2":[11,4],"3":[2,9],"4":[2,7]},"_coverageSchema":"1a1c01bbd47fc00a2c39e90264f33305004495a9","hash":"9058c7a825b3607b240e1ca184aea1145b105d4a"}
,"/Users/heatherjackson/projects/wdg/chutes_and_ladders/src/js/model/summed_roll.js": {"path":"/Users/heatherjackson/projects/wdg/chutes_and_ladders/src/js/model/summed_roll.js","statementMap":{"0":{"start":{"line":7,"column":9},"end":{"line":7,"column":11}},"1":{"start":{"line":8,"column":13},"end":{"line":8,"column":15}},"2":{"start":{"line":11,"column":4},"end":{"line":11,"column":31}},"3":{"start":{"line":12,"column":4},"end":{"line":12,"column":45}},"4":{"start":{"line":12,"column":39},"end":{"line":12,"column":43}},"5":{"start":{"line":17,"column":4},"end":{"line":17,"column":25}},"6":{"start":{"line":21,"column":4},"end":{"line":21,"column":21}}},"fnMap":{"0":{"name":"(anonymous_0)","decl":{"start":{"line":10,"column":2},"end":{"line":10,"column":3}},"loc":{"start":{"line":10,"column":21},"end":{"line":13,"column":3}},"line":10},"1":{"name":"(anonymous_1)","decl":{"start":{"line":12,"column":29},"end":{"line":12,"column":30}},"loc":{"start":{"line":12,"column":39},"end":{"line":12,"column":43}},"line":12},"2":{"name":"(anonymous_2)","decl":{"start":{"line":16,"column":2},"end":{"line":16,"column":3}},"loc":{"start":{"line":16,"column":16},"end":{"line":18,"column":3}},"line":16},"3":{"name":"(anonymous_3)","decl":{"start":{"line":20,"column":2},"end":{"line":20,"column":3}},"loc":{"start":{"line":20,"column":12},"end":{"line":22,"column":3}},"line":20}},"branchMap":{},"s":{"0":3,"1":3,"2":3,"3":3,"4":57,"5":0,"6":3},"f":{"0":3,"1":57,"2":0,"3":3},"b":{},"_coverageSchema":"1a1c01bbd47fc00a2c39e90264f33305004495a9","hash":"b9013e61b95b691526ecce164d9812f7315ebb78"}
}
