TN:
SF:src/js/model/avatar.js
FN:30,(anonymous_0)
FN:35,(anonymous_1)
FN:39,(anonymous_2)
FN:43,(anonymous_3)
FN:47,(anonymous_4)
FN:51,(anonymous_5)
FNF:6
FNH:5
FNDA:4,(anonymous_0)
FNDA:2,(anonymous_1)
FNDA:15,(anonymous_2)
FNDA:0,(anonymous_3)
FNDA:18,(anonymous_4)
FNDA:14,(anonymous_5)
DA:6,2
DA:7,2
DA:8,2
DA:9,2
DA:10,2
DA:11,2
DA:12,2
DA:13,2
DA:14,2
DA:15,2
DA:16,2
DA:20,4
DA:21,4
DA:22,4
DA:31,4
DA:32,4
DA:36,2
DA:40,15
DA:44,0
DA:48,18
DA:52,14
DA:54,14
DA:55,12
DA:56,44
DA:57,1
DA:60,43
DA:65,2
DA:66,5
DA:67,1
DA:69,4
DA:74,12
LF:31
LH:30
BRDA:54,0,0,12
BRDA:54,0,1,2
BRDA:56,1,0,1
BRDA:56,1,1,43
BRDA:66,2,0,1
BRDA:66,2,1,4
BRF:6
BRH:6
end_of_record
TN:
SF:src/js/model/board.js
FN:14,(anonymous_0)
FN:21,(anonymous_1)
FN:25,(anonymous_2)
FN:29,(anonymous_3)
FN:33,(anonymous_4)
FN:37,(anonymous_5)
FN:41,(anonymous_6)
FN:46,(anonymous_7)
FN:52,(anonymous_8)
FN:74,(anonymous_9)
FN:92,(anonymous_10)
FN:101,(anonymous_11)
FN:115,(anonymous_12)
FN:128,(anonymous_13)
FN:142,(anonymous_14)
FN:143,(anonymous_15)
FN:179,(anonymous_16)
FN:194,(anonymous_17)
FN:202,(anonymous_18)
FN:212,(anonymous_19)
FNF:20
FNH:13
FNDA:4,(anonymous_0)
FNDA:4,(anonymous_1)
FNDA:1,(anonymous_2)
FNDA:0,(anonymous_3)
FNDA:0,(anonymous_4)
FNDA:0,(anonymous_5)
FNDA:0,(anonymous_6)
FNDA:2,(anonymous_7)
FNDA:97,(anonymous_8)
FNDA:1,(anonymous_9)
FNDA:0,(anonymous_10)
FNDA:5,(anonymous_11)
FNDA:5,(anonymous_12)
FNDA:1,(anonymous_13)
FNDA:306,(anonymous_14)
FNDA:0,(anonymous_15)
FNDA:6,(anonymous_16)
FNDA:0,(anonymous_17)
FNDA:1,(anonymous_18)
FNDA:3,(anonymous_19)
DA:5,4
DA:6,4
DA:7,4
DA:8,4
DA:9,4
DA:10,4
DA:11,4
DA:12,4
DA:15,4
DA:16,4
DA:17,4
DA:18,4
DA:22,4
DA:26,1
DA:30,0
DA:34,0
DA:38,0
DA:42,0
DA:47,2
DA:55,97
DA:57,97
DA:58,3
DA:59,3
DA:65,94
DA:66,94
DA:67,94
DA:70,97
DA:75,1
DA:76,1
DA:77,1
DA:79,1
DA:80,10
DA:82,10
DA:83,0
DA:85,10
DA:88,1
DA:93,0
DA:97,0
DA:104,5
DA:105,5
DA:107,5
DA:108,5
DA:109,5
DA:111,5
DA:116,5
DA:117,5
DA:119,5
DA:120,5
DA:122,5
DA:123,5
DA:129,1
DA:130,1
DA:131,1
DA:132,1
DA:135,1
DA:136,100
DA:137,1
DA:139,99
DA:140,1
DA:142,306
DA:143,0
DA:144,0
DA:146,98
DA:147,10
DA:150,5
DA:151,5
DA:153,5
DA:156,5
DA:157,5
DA:160,0
DA:161,0
DA:162,0
DA:165,0
DA:166,0
DA:172,88
DA:180,6
DA:182,6
DA:183,0
DA:186,6
DA:187,42
DA:189,6
DA:195,0
DA:196,0
DA:197,0
DA:203,1
DA:205,1
DA:206,90
DA:207,90
DA:212,1
DA:213,3
DA:214,3
DA:215,5
DA:217,3
DA:220,1
DA:222,1
DA:223,1
DA:234,1
DA:235,1
DA:236,1
DA:237,1
DA:238,1
DA:239,1
DA:240,1
DA:241,1
DA:242,1
DA:243,1
DA:244,1
DA:245,1
LF:108
LH:90
BRDA:47,0,0,1
BRDA:47,0,1,1
BRDA:57,1,0,3
BRDA:57,1,1,94
BRDA:82,2,0,0
BRDA:82,2,1,10
BRDA:97,3,0,0
BRDA:97,3,1,0
BRDA:136,4,0,1
BRDA:136,4,1,99
BRDA:139,5,0,1
BRDA:139,5,1,98
BRDA:142,6,0,0
BRDA:142,6,1,98
BRDA:146,7,0,10
BRDA:146,7,1,88
BRDA:147,8,0,5
BRDA:147,8,1,5
BRDA:147,9,0,10
BRDA:147,9,1,10
BRDA:147,9,2,5
BRDA:147,9,3,5
BRDA:147,9,4,0
BRDA:153,10,0,5
BRDA:153,10,1,0
BRDA:153,11,0,5
BRDA:153,11,1,5
BRDA:153,11,2,0
BRDA:153,11,3,0
BRDA:153,11,4,0
BRDA:160,12,0,0
BRDA:160,12,1,0
BRDA:182,13,0,0
BRDA:182,13,1,6
BRDA:182,14,0,6
BRDA:182,14,1,6
BRF:36
BRH:24
end_of_record
TN:
SF:src/js/model/die.js
FN:9,(anonymous_0)
FN:16,(anonymous_1)
FN:21,(anonymous_2)
FN:26,(anonymous_3)
FNF:4
FNH:4
FNDA:5,(anonymous_0)
FNDA:100,(anonymous_1)
FNDA:160,(anonymous_2)
FNDA:3,(anonymous_3)
DA:4,3
DA:10,5
DA:12,5
DA:17,100
DA:22,160
DA:27,3
DA:28,3
DA:29,60
DA:32,3
DA:33,3
LF:10
LH:10
BRDA:12,0,0,1
BRDA:12,0,1,4
BRF:2
BRH:2
end_of_record
TN:
SF:src/js/model/space.js
FN:36,(anonymous_0)
FN:44,(anonymous_1)
FN:52,(anonymous_2)
FN:60,(anonymous_3)
FN:68,(anonymous_4)
FN:77,(anonymous_5)
FN:81,(anonymous_6)
FN:85,(anonymous_7)
FN:93,(anonymous_8)
FN:102,(anonymous_9)
FN:111,(anonymous_10)
FN:119,(anonymous_11)
FN:128,(anonymous_12)
FN:160,(anonymous_13)
FNF:14
FNH:12
FNDA:119,(anonymous_0)
FNDA:3,(anonymous_1)
FNDA:414,(anonymous_2)
FNDA:49,(anonymous_3)
FNDA:175,(anonymous_4)
FNDA:101,(anonymous_5)
FNDA:98,(anonymous_6)
FNDA:101,(anonymous_7)
FNDA:5,(anonymous_8)
FNDA:12,(anonymous_9)
FNDA:0,(anonymous_10)
FNDA:18,(anonymous_11)
FNDA:18,(anonymous_12)
FNDA:0,(anonymous_13)
DA:19,2
DA:20,2
DA:21,2
DA:22,2
DA:23,2
DA:26,2
DA:29,119
DA:30,119
DA:31,119
DA:32,119
DA:33,119
DA:34,119
DA:37,119
DA:38,119
DA:45,3
DA:53,414
DA:61,49
DA:69,175
DA:78,101
DA:82,98
DA:86,101
DA:94,5
DA:103,12
DA:113,0
DA:120,18
DA:135,18
DA:136,3
DA:137,3
DA:140,18
DA:141,2
DA:142,2
DA:145,16
DA:146,2
DA:150,14
DA:151,14
DA:162,0
LF:36
LH:34
BRDA:135,0,0,3
BRDA:135,0,1,15
BRDA:135,1,0,18
BRDA:135,1,1,6
BRDA:140,2,0,2
BRDA:140,2,1,16
BRDA:145,3,0,2
BRDA:145,3,1,14
BRF:8
BRH:8
end_of_record
TN:
SF:src/js/model/summed_roll.js
FN:10,(anonymous_0)
FN:12,(anonymous_1)
FN:16,(anonymous_2)
FN:20,(anonymous_3)
FNF:4
FNH:3
FNDA:3,(anonymous_0)
FNDA:57,(anonymous_1)
FNDA:0,(anonymous_2)
FNDA:3,(anonymous_3)
DA:7,3
DA:8,3
DA:11,3
DA:12,57
DA:17,0
DA:21,3
LF:6
LH:5
BRF:0
BRH:0
end_of_record
