TN:
SF:src/js/model/avatar.js
FN:30,(anonymous_0)
FN:35,(anonymous_1)
FN:39,(anonymous_2)
FN:43,(anonymous_3)
FN:47,(anonymous_4)
FN:51,(anonymous_5)
FNF:6
FNH:5
FNDA:3,(anonymous_0)
FNDA:2,(anonymous_1)
FNDA:12,(anonymous_2)
FNDA:0,(anonymous_3)
FNDA:14,(anonymous_4)
FNDA:11,(anonymous_5)
DA:6,2
DA:7,2
DA:8,2
DA:9,2
DA:10,2
DA:11,2
DA:12,2
DA:13,2
DA:14,2
DA:15,2
DA:16,2
DA:20,3
DA:21,3
DA:22,3
DA:31,3
DA:32,3
DA:36,2
DA:40,12
DA:44,0
DA:48,14
DA:52,11
DA:54,11
DA:55,8
DA:56,23
DA:57,1
DA:60,22
DA:65,3
DA:66,16
DA:67,2
DA:69,14
DA:74,8
LF:31
LH:30
BRDA:54,0,0,8
BRDA:54,0,1,3
BRDA:56,1,0,1
BRDA:56,1,1,22
BRDA:66,2,0,2
BRDA:66,2,1,14
BRF:6
BRH:6
end_of_record
TN:
SF:src/js/model/die.js
FN:9,(anonymous_0)
FN:16,(anonymous_1)
FN:21,(anonymous_2)
FN:26,(anonymous_3)
FNF:4
FNH:4
FNDA:5,(anonymous_0)
FNDA:100,(anonymous_1)
FNDA:160,(anonymous_2)
FNDA:3,(anonymous_3)
DA:4,3
DA:10,5
DA:12,5
DA:17,100
DA:22,160
DA:27,3
DA:28,3
DA:29,60
DA:32,3
DA:33,3
LF:10
LH:10
BRDA:12,0,0,1
BRDA:12,0,1,4
BRF:2
BRH:2
end_of_record
TN:
SF:src/js/model/linked_list.js
FN:9,(anonymous_0)
FN:15,(anonymous_1)
FN:19,(anonymous_2)
FN:23,(anonymous_3)
FN:27,(anonymous_4)
FN:31,(anonymous_5)
FN:37,(anonymous_6)
FN:48,(anonymous_7)
FN:71,(anonymous_8)
FN:98,(anonymous_9)
FN:113,(anonymous_10)
FN:126,(anonymous_11)
FN:133,(anonymous_12)
FNF:13
FNH:7
FNDA:3,(anonymous_0)
FNDA:0,(anonymous_1)
FNDA:0,(anonymous_2)
FNDA:26,(anonymous_3)
FNDA:0,(anonymous_4)
FNDA:0,(anonymous_5)
FNDA:7,(anonymous_6)
FNDA:1,(anonymous_7)
FNDA:1,(anonymous_8)
FNDA:2,(anonymous_9)
FNDA:0,(anonymous_10)
FNDA:0,(anonymous_11)
FNDA:2,(anonymous_12)
DA:10,3
DA:11,3
DA:12,3
DA:16,0
DA:20,0
DA:24,26
DA:28,0
DA:32,0
DA:38,7
DA:40,7
DA:41,7
DA:42,7
DA:43,7
DA:50,1
DA:51,1
DA:54,1
DA:56,1
DA:57,18
DA:59,18
DA:60,18
DA:61,18
DA:62,18
DA:63,18
DA:66,1
DA:73,1
DA:77,1
DA:78,0
DA:79,0
DA:82,1
DA:84,1
DA:85,18
DA:88,1
DA:89,1
DA:90,1
DA:92,1
DA:99,2
DA:101,2
DA:102,1
DA:105,1
DA:106,0
DA:108,1
DA:114,0
DA:115,0
DA:117,0
DA:118,0
DA:119,0
DA:121,0
DA:127,0
DA:128,0
DA:129,0
DA:133,1
DA:134,2
DA:135,2
DA:136,6
DA:138,2
DA:141,1
DA:142,1
DA:143,1
DA:144,1
DA:145,1
DA:146,1
DA:148,1
LF:62
LH:46
BRDA:32,0,0,0
BRDA:32,0,1,0
BRDA:50,1,0,1
BRDA:50,1,1,0
BRDA:77,2,0,0
BRDA:77,2,1,1
BRDA:101,3,0,1
BRDA:101,3,1,1
BRDA:101,4,0,2
BRDA:101,4,1,2
BRF:10
BRH:6
end_of_record
TN:
SF:src/js/model/space.js
FN:36,(anonymous_0)
FN:44,(anonymous_1)
FN:52,(anonymous_2)
FN:60,(anonymous_3)
FN:68,(anonymous_4)
FN:77,(anonymous_5)
FN:81,(anonymous_6)
FN:85,(anonymous_7)
FN:93,(anonymous_8)
FN:102,(anonymous_9)
FN:111,(anonymous_10)
FN:119,(anonymous_11)
FN:128,(anonymous_12)
FN:160,(anonymous_13)
FNF:14
FNH:11
FNDA:33,(anonymous_0)
FNDA:2,(anonymous_1)
FNDA:11,(anonymous_2)
FNDA:40,(anonymous_3)
FNDA:77,(anonymous_4)
FNDA:34,(anonymous_5)
FNDA:14,(anonymous_6)
FNDA:32,(anonymous_7)
FNDA:0,(anonymous_8)
FNDA:2,(anonymous_9)
FNDA:0,(anonymous_10)
FNDA:14,(anonymous_11)
FNDA:14,(anonymous_12)
FNDA:0,(anonymous_13)
DA:19,2
DA:20,2
DA:21,2
DA:22,2
DA:23,2
DA:26,2
DA:29,33
DA:30,33
DA:31,33
DA:32,33
DA:33,33
DA:34,33
DA:37,33
DA:38,33
DA:45,2
DA:53,11
DA:61,40
DA:69,77
DA:78,34
DA:82,14
DA:86,32
DA:94,0
DA:103,2
DA:113,0
DA:120,14
DA:135,14
DA:136,2
DA:137,2
DA:140,14
DA:141,2
DA:142,2
DA:145,12
DA:146,2
DA:150,10
DA:151,10
DA:162,0
LF:36
LH:33
BRDA:135,0,0,2
BRDA:135,0,1,12
BRDA:135,1,0,14
BRDA:135,1,1,5
BRDA:140,2,0,2
BRDA:140,2,1,12
BRDA:145,3,0,2
BRDA:145,3,1,10
BRF:8
BRH:8
end_of_record
TN:
SF:src/js/model/summed_roll.js
FN:10,(anonymous_0)
FN:12,(anonymous_1)
FN:16,(anonymous_2)
FN:20,(anonymous_3)
FNF:4
FNH:3
FNDA:3,(anonymous_0)
FNDA:57,(anonymous_1)
FNDA:0,(anonymous_2)
FNDA:3,(anonymous_3)
DA:7,3
DA:8,3
DA:11,3
DA:12,57
DA:17,0
DA:21,3
LF:6
LH:5
BRF:0
BRH:0
end_of_record
